STS_ALARM_LAMP:GRN
STS_OPT_A:(not install),STS_OPT_B:(not install),STS_OPT_C:(not install),STS_OPT_MEM:---------,STS_OPT_MB:---------,STS_OPT_ED:INSTALLED,STS_OPT_VR:---------,STS_OPT_EXP3G:INSTALLED,STS_OPT_ARC:---------,STS_OPT_EXTCK1:---------,STS_OPT_EXTCK2:---------,FUNC_M1K3_ASSIGN:M/E  ,FUNC_M1K4_ASSIGN:M/E  ,STS_MU_TYPE:HVS-XT110,FUNC_4K_CTRL_EN:OFF ,EXTIF_RTR_LINK_EN:OFF ,SYS_FMT_FMT:720/59.94p 
PANEL_OU_UBTN_TYPE0:NON  ,PANEL_OU_UBTN_FUNC0: (NOT ASSIGN)       ,PANEL_OU_UBTN_TYPE1:NON  ,PANEL_OU_UBTN_FUNC1: (NOT ASSIGN)       ,PANEL_OU_UBTN_TYPE2:NON  ,PANEL_OU_UBTN_FUNC2: (NOT ASSIGN)       ,PANEL_OU_UBTN_TYPE3:NON  ,PANEL_OU_UBTN_FUNC3: (NOT ASSIGN)       ,PANEL_OU_UBTN_TYPE4:AUX  ,PANEL_OU_UBTN_FUNC4:AUX5 XPT SELECT    ,PANEL_OU_UBTN_TYPE5:AUX  ,PANEL_OU_UBTN_FUNC5:AUX6 XPT SELECT    ,PANEL_OU_UBTN_TYPE6:AUX  ,PANEL_OU_UBTN_FUNC6:AUX7 XPT SELECT    ,PANEL_OU_UBTN_TYPE7:AUX  ,PANEL_OU_UBTN_FUNC7:AUX8 XPT SELECT    
SET.SIGNAL_GROUP4:[{"no":0,"sName":"BLK ","lName":" BLACK  "},{"no":1,"sName":"PPT ","lName":"PowerPt "},{"no":2,"sName":"Stnd","lName":"Standing"},{"no":3,"sName":"Scor","lName":"Scoring "},{"no":4,"sName":"gTop","lName":"GoProTop"},{"no":5,"sName":"Cam1","lName":"Cam1Long"},{"no":6,"sName":"Robo","lName":"Cam2Robo"},{"no":7,"sName":"gRed","lName":"GoProRed"},{"no":8,"sName":"gBlu","lName":"GoProBlu"},{"no":9,"sName":"PBP ","lName":"Playback"},{"no":10,"sName":"FS2b","lName":"FS2-In2 "},{"no":11,"sName":"IN11","lName":"INPUT11 "},{"no":12,"sName":"IN12","lName":"INPUT12 "},{"no":29,"sName":"LOGO","lName":"LOGO    "},{"no":30,"sName":"STL2","lName":"STILL2  "},{"no":31,"sName":"STK1","lName":"STLKEY1 "},{"no":32,"sName":"STK2","lName":"STLKEY2 "},{"no":40,"sName":"CKFL","lName":"CK FILL "},{"no":41,"sName":"CKKY","lName":"CK KEY  "},{"no":42,"sName":"EFF1","lName":"SUB EFF1"},{"no":43,"sName":"EFF2","lName":"SUB EFF2"},{"no":38,"sName":"MAT1","lName":"MATT1   "},{"no":39,"sName":"MAT2","lName":"MATT2   "},{"no":37,"sName":"BARS","lName":"COLORBAR"},{"no":64,"sName":"RX01","lName":"RT XPT01"},{"no":65,"sName":"RX02","lName":"RT XPT02"},{"no":66,"sName":"RX03","lName":"RT XPT03"},{"no":67,"sName":"RX04","lName":"RT XPT04"},{"no":68,"sName":"RX05","lName":"RT XPT05"},{"no":69,"sName":"RX06","lName":"RT XPT06"},{"no":70,"sName":"RX07","lName":"RT XPT07"},{"no":71,"sName":"RX08","lName":"RT XPT08"},{"no":72,"sName":"RX09","lName":"RT XPT09"},{"no":73,"sName":"RX10","lName":"RT XPT10"},{"no":74,"sName":"RX11","lName":"RT XPT11"},{"no":75,"sName":"RX12","lName":"RT XPT12"},{"no":76,"sName":"RX13","lName":"RT XPT13"},{"no":77,"sName":"RX14","lName":"RT XPT14"},{"no":78,"sName":"RX15","lName":"RT XPT15"},{"no":79,"sName":"RX16","lName":"RT XPT16"},{"no":80,"sName":"RX17","lName":"RT XPT17"},{"no":81,"sName":"RX18","lName":"RT XPT18"},{"no":82,"sName":"RX19","lName":"RT XPT19"},{"no":83,"sName":"RX20","lName":"RT XPT20"},{"no":84,"sName":"RX21","lName":"RT XPT21"},{"no":85,"sName":"RX22","lName":"RT XPT22"},{"no":86,"sName":"RX23","lName":"RT XPT23"},{"no":87,"sName":"RX24","lName":"RT XPT24"},{"no":88,"sName":"RX25","lName":"RT XPT25"},{"no":89,"sName":"RX26","lName":"RT XPT26"},{"no":90,"sName":"RX27","lName":"RT XPT27"},{"no":91,"sName":"RX28","lName":"RT XPT28"},{"no":92,"sName":"RX29","lName":"RT XPT29"},{"no":93,"sName":"RX30","lName":"RT XPT30"},{"no":94,"sName":"RX31","lName":"RT XPT31"},{"no":95,"sName":"RX32","lName":"RT XPT32"},{"no":96,"sName":"RX33","lName":"RT XPT33"},{"no":97,"sName":"RX34","lName":"RT XPT34"},{"no":98,"sName":"RX35","lName":"RT XPT35"},{"no":99,"sName":"RX36","lName":"RT XPT36"},{"no":100,"sName":"RX37","lName":"RT XPT37"},{"no":101,"sName":"RX38","lName":"RT XPT38"},{"no":102,"sName":"RX39","lName":"RT XPT39"},{"no":103,"sName":"RX40","lName":"RT XPT40"},{"no":104,"sName":"RX41","lName":"RT XPT41"},{"no":105,"sName":"RX42","lName":"RT XPT42"},{"no":106,"sName":"RX43","lName":"RT XPT43"},{"no":107,"sName":"RX44","lName":"RT XPT44"},{"no":108,"sName":"RX45","lName":"RT XPT45"},{"no":109,"sName":"RX46","lName":"RT XPT46"},{"no":110,"sName":"RX47","lName":"RT XPT47"},{"no":111,"sName":"RX48","lName":"RT XPT48"},{"no":112,"sName":"RX49","lName":"RT XPT49"},{"no":113,"sName":"RX50","lName":"RT XPT50"},{"no":114,"sName":"RX51","lName":"RT XPT51"},{"no":115,"sName":"RX52","lName":"RT XPT52"},{"no":116,"sName":"RX53","lName":"RT XPT53"},{"no":117,"sName":"RX54","lName":"RT XPT54"},{"no":118,"sName":"RX55","lName":"RT XPT55"},{"no":119,"sName":"RX56","lName":"RT XPT56"},{"no":120,"sName":"RX57","lName":"RT XPT57"},{"no":121,"sName":"RX58","lName":"RT XPT58"},{"no":122,"sName":"RX59","lName":"RT XPT59"},{"no":123,"sName":"RX60","lName":"RT XPT60"},{"no":124,"sName":"RX61","lName":"RT XPT61"},{"no":125,"sName":"RX62","lName":"RT XPT62"},{"no":126,"sName":"RX63","lName":"RT XPT63"},{"no":127,"sName":"RX64","lName":"RT XPT64"},{"no":180,"sName":"VR01","lName":"VLINE01 "},{"no":181,"sName":"VR02","lName":"VLINE02 "},{"no":182,"sName":"VR03","lName":"VLINE03 "},{"no":183,"sName":"VR04","lName":"VLINE04 "},{"no":184,"sName":"VR05","lName":"VLINE05 "},{"no":185,"sName":"VR06","lName":"VLINE06 "},{"no":186,"sName":"VR07","lName":"VLINE07 "},{"no":187,"sName":"VR08","lName":"VLINE08 "},{"no":188,"sName":"VR09","lName":"VLINE09 "},{"no":189,"sName":"VR10","lName":"VLINE10 "},{"no":190,"sName":"VR11","lName":"VLINE11 "},{"no":191,"sName":"VR12","lName":"VLINE12 "},{"no":192,"sName":"VR13","lName":"VLINE13 "},{"no":193,"sName":"VR14","lName":"VLINE14 "},{"no":194,"sName":"VR15","lName":"VLINE15 "},{"no":195,"sName":"VR16","lName":"VLINE16 "},{"no":128,"sName":"IS01","lName":"IS XPT01"},{"no":129,"sName":"IS02","lName":"IS XPT02"},{"no":130,"sName":"IS03","lName":"IS XPT03"},{"no":131,"sName":"IS04","lName":"IS XPT04"},{"no":132,"sName":"IS05","lName":"IS XPT05"},{"no":133,"sName":"IS06","lName":"IS XPT06"},{"no":134,"sName":"IS07","lName":"IS XPT07"},{"no":135,"sName":"IS08","lName":"IS XPT08"},{"no":136,"sName":"IS09","lName":"IS XPT09"},{"no":137,"sName":"IS10","lName":"IS XPT10"},{"no":138,"sName":"IS11","lName":"IS XPT11"},{"no":139,"sName":"IS12","lName":"IS XPT12"},{"no":46,"sName":"PGM ","lName":"PROGRAM "},{"no":47,"sName":"PVW ","lName":"PREVIEW "},{"no":48,"sName":"CLN ","lName":" CLEAN  "},{"no":49,"sName":"MEKY","lName":"KEY OUT "},{"no":240,"sName":"1Web","lName":"--------"},{"no":241,"sName":"2Web","lName":"--------"},{"no":242,"sName":"3Pit","lName":"--------"},{"no":243,"sName":"4PJ ","lName":"--------"},{"no":244,"sName":"5DA ","lName":"--------"},{"no":245,"sName":"6Rob","lName":"--------"},{"no":246,"sName":"7Lgt","lName":"--------"},{"no":247,"sName":"8Eng","lName":"--------"}]
ME_XPT_ME1_BKGD_A:3    ,ME_XPT_ME1_BKGD_B:2    ,ME_XPT_ME1_KEY1_A:12   ,ME_XPT_ME1_KEY1_B:12   ,ME_XPT_ME1_KEY2_A:41   ,ME_XPT_ME1_KEY2_B:40   ,ME_XPT_ME1_KEY3_A:41   ,ME_XPT_ME1_KEY3_B:40   ,ME_XPT_ME1_KEY4_A:0    ,ME_XPT_ME1_KEY4_B:0    ,ME_XPT_ME1_BKGD_A_COLOR:RED,ME_XPT_ME1_BKGD_B_COLOR:ORANGE,ME_XPT_ME1_KEY1_COLOR:RED,ME_XPT_ME1_KEY2_COLOR:RED,ME_XPT_ME1_KEY3_COLOR:RED,ME_XPT_ME1_KEY4_COLOR:RED,ME_XPT_ME1_BKGD_XPT_PGM_OUT:0    ,ME_XPT_ME1_KEY1_XPT_PGM_OUT:0    ,ME_XPT_ME1_KEY2_XPT_PGM_OUT:0    ,ME_XPT_ME1_KEY3_XPT_PGM_OUT:0    ,ME_XPT_ME1_KEY4_XPT_PGM_OUT:1    ,ME_XPT_ME1_BK_XPT_PGM_OUT:0    ,ME_XPT_ME1_BKGD_TRS_AUTO_STAT:0    ,ME_XPT_ME1_KEY1_TRS_AUTO_STAT:0    ,ME_XPT_ME1_KEY2_TRS_AUTO_STAT:0    ,ME_XPT_ME1_KEY3_TRS_AUTO_STAT:0    ,ME_XPT_ME1_KEY4_TRS_AUTO_STAT:0    ,ME_XPT_ME1_BK_TRS_AUTO_STAT:0    ,ME_XPT_ME1_BK_PST_EN:OFF ,ME_XPT_ME1_BKGD_PGM:3    
ME_XPT_ME1_BKGD_DIR:1    ,ME_XPT_ME1_KEY1_DIR:2    ,ME_XPT_ME1_KEY2_DIR:1    ,ME_XPT_ME1_BKGD_TRSTYPE:1    ,ME_XPT_ME1_KEY1_TRSTYPE:1    ,ME_XPT_ME1_KEY2_TRSTYPE:1    
ME_XPT_ME1_FADE_LV:0    ,ME_XPT_ME1_FADE_DIR:0    ,ME_XPT_ME1_NEXT_TRANS:1    
ME_XPT_AUX1:48   ,ME_XPT_AUX2:5    ,ME_XPT_AUX3:2    ,ME_XPT_AUX4:46   ,ME_XPT_AUX5:46   ,ME_XPT_AUX6:48   ,ME_XPT_AUX7:50   ,ME_XPT_AUX8:50   ,ME_XPT_STRM_XPT:PGM  ,ME_XPT_STRM_RESOLUTION:0    
M1K1_USER_TRS:CUT         ,M1K2_USER_TRS:CUT         ,M1K3_USER_TRS:CUT         ,M1K4_USER_TRS:CUT         ,M1K1_ADV_CTRL:AUTO ,M1K2_ADV_CTRL:AUTO ,M1K3_ADV_CTRL:AUTO ,M1K4_ADV_CTRL:AUTO ,BK_TRS_EN:ON   
ME_XPT_ME1_KEY1_DVE_LAMP:1    ,ME_XPT_ME1_KEY2_DVE_LAMP:0    ,ME_XPT_ME1_KEY3_DVE_LAMP:0    ,ME_XPT_ME1_KEY4_DVE_LAMP:0    
SYS_ARCNET_OU_NO:0    
OUTPUT_XPT_AUX_INHIBIT0:OFF,OUTPUT_XPT_AUX_TRS0:ON ,OUTPUT_XPT_AUX_TYP0:MIX ,OUTPUT_XPT_AUX_RATE0:10   ,OUTPUT_XPT_AUX_SOFT0:0    ,OUTPUT_XPT_AUX_INHIBIT1:OFF,OUTPUT_XPT_AUX_TRS1:OFF,OUTPUT_XPT_AUX_TYP1:MIX ,OUTPUT_XPT_AUX_RATE1:10   ,OUTPUT_XPT_AUX_SOFT1:0    ,OUTPUT_XPT_AUX_INHIBIT2:OFF,OUTPUT_XPT_AUX_TRS2:ON ,OUTPUT_XPT_AUX_TYP2:MIX ,OUTPUT_XPT_AUX_RATE2:10   ,OUTPUT_XPT_AUX_SOFT2:0    ,OUTPUT_XPT_AUX_INHIBIT3:OFF,OUTPUT_XPT_AUX_TRS3:ON ,OUTPUT_XPT_AUX_TYP3:MIX ,OUTPUT_XPT_AUX_RATE3:10   ,OUTPUT_XPT_AUX_SOFT3:0    ,OUTPUT_XPT_AUX_INHIBIT4:OFF,OUTPUT_XPT_AUX_TRS4:OFF,OUTPUT_XPT_AUX_TYP4:MIX ,OUTPUT_XPT_AUX_RATE4:0    ,OUTPUT_XPT_AUX_SOFT4:0    ,OUTPUT_XPT_AUX_INHIBIT5:OFF,OUTPUT_XPT_AUX_TRS5:OFF,OUTPUT_XPT_AUX_TYP5:MIX ,OUTPUT_XPT_AUX_RATE5:0    ,OUTPUT_XPT_AUX_SOFT5:0    ,OUTPUT_XPT_AUX_INHIBIT6:OFF,OUTPUT_XPT_AUX_TRS6:OFF,OUTPUT_XPT_AUX_TYP6:MIX ,OUTPUT_XPT_AUX_RATE6:0    ,OUTPUT_XPT_AUX_SOFT6:0    ,OUTPUT_XPT_AUX_INHIBIT7:OFF,OUTPUT_XPT_AUX_TRS7:OFF,OUTPUT_XPT_AUX_TYP7:MIX ,OUTPUT_XPT_AUX_RATE7:0    ,OUTPUT_XPT_AUX_SOFT7:0    
INPUT_OU_SHIFT:NORML,INPUT_OU_CTRL:M/E1 ,INPUT_OU_INHIBIT_EN:ENABL
INPUT_OU_ASSIGN0:5,INPUT_OU_INHIBIT0:OFF  ,INPUT_OU_DISP_TYPE0:SHORT,INPUT_OU_DISP_INV0:OFF ,INPUT_OU_ASSIGN1:6,INPUT_OU_INHIBIT1:OFF  ,INPUT_OU_DISP_TYPE1:SHORT,INPUT_OU_DISP_INV1:OFF ,INPUT_OU_ASSIGN2:4,INPUT_OU_INHIBIT2:OFF  ,INPUT_OU_DISP_TYPE2:SHORT,INPUT_OU_DISP_INV2:OFF ,INPUT_OU_ASSIGN3:7,INPUT_OU_INHIBIT3:OFF  ,INPUT_OU_DISP_TYPE3:SHORT,INPUT_OU_DISP_INV3:OFF ,INPUT_OU_ASSIGN4:8,INPUT_OU_INHIBIT4:OFF  ,INPUT_OU_DISP_TYPE4:SHORT,INPUT_OU_DISP_INV4:OFF ,INPUT_OU_ASSIGN5:1,INPUT_OU_INHIBIT5:OFF  ,INPUT_OU_DISP_TYPE5:SHORT,INPUT_OU_DISP_INV5:OFF ,INPUT_OU_ASSIGN6:2,INPUT_OU_INHIBIT6:OFF  ,INPUT_OU_DISP_TYPE6:SHORT,INPUT_OU_DISP_INV6:OFF ,INPUT_OU_ASSIGN7:9,INPUT_OU_INHIBIT7:OFF  ,INPUT_OU_DISP_TYPE7:SHORT,INPUT_OU_DISP_INV7:OFF ,INPUT_OU_ASSIGN8:3,INPUT_OU_INHIBIT8:OFF  ,INPUT_OU_DISP_TYPE8:SHORT,INPUT_OU_DISP_INV8:OFF ,INPUT_OU_ASSIGN9:29,INPUT_OU_INHIBIT9:OFF  ,INPUT_OU_DISP_TYPE9:SHORT,INPUT_OU_DISP_INV9:OFF ,INPUT_OU_ASSIGN10:30,INPUT_OU_INHIBIT10:OFF  ,INPUT_OU_DISP_TYPE10:SHORT,INPUT_OU_DISP_INV10:OFF ,INPUT_OU_ASSIGN11:0,INPUT_OU_INHIBIT11:OFF  ,INPUT_OU_DISP_TYPE11:SHORT,INPUT_OU_DISP_INV11:OFF ,INPUT_OU_ASSIGN12:39,INPUT_OU_INHIBIT12:OFF  ,INPUT_OU_DISP_TYPE12:SHORT,INPUT_OU_DISP_INV12:OFF ,INPUT_OU_ASSIGN13:9,INPUT_OU_INHIBIT13:OFF  ,INPUT_OU_DISP_TYPE13:SHORT,INPUT_OU_DISP_INV13:OFF ,INPUT_OU_ASSIGN14:10,INPUT_OU_INHIBIT14:OFF  ,INPUT_OU_DISP_TYPE14:SHORT,INPUT_OU_DISP_INV14:OFF ,INPUT_OU_ASSIGN15:11,INPUT_OU_INHIBIT15:OFF  ,INPUT_OU_DISP_TYPE15:SHORT,INPUT_OU_DISP_INV15:OFF ,INPUT_OU_ASSIGN16:12,INPUT_OU_INHIBIT16:OFF  ,INPUT_OU_DISP_TYPE16:SHORT,INPUT_OU_DISP_INV16:OFF ,INPUT_OU_ASSIGN17:NONE ,INPUT_OU_INHIBIT17:OFF  ,INPUT_OU_DISP_TYPE17:SHORT,INPUT_OU_DISP_INV17:OFF ,INPUT_OU_ASSIGN18:1,INPUT_OU_INHIBIT18:OFF  ,INPUT_OU_DISP_TYPE18:SHORT,INPUT_OU_DISP_INV18:OFF ,INPUT_OU_ASSIGN19:2,INPUT_OU_INHIBIT19:OFF  ,INPUT_OU_DISP_TYPE19:SHORT,INPUT_OU_DISP_INV19:OFF ,INPUT_OU_ASSIGN20:NONE ,INPUT_OU_INHIBIT20:OFF  ,INPUT_OU_DISP_TYPE20:SHORT,INPUT_OU_DISP_INV20:OFF ,INPUT_OU_ASSIGN21:NONE ,INPUT_OU_INHIBIT21:OFF  ,INPUT_OU_DISP_TYPE21:SHORT,INPUT_OU_DISP_INV21:OFF ,INPUT_OU_ASSIGN22:NONE ,INPUT_OU_INHIBIT22:OFF  ,INPUT_OU_DISP_TYPE22:SHORT,INPUT_OU_DISP_INV22:OFF ,INPUT_OU_ASSIGN23:NONE ,INPUT_OU_INHIBIT23:OFF  ,INPUT_OU_DISP_TYPE23:SHORT,INPUT_OU_DISP_INV23:OFF 
M1BG_LIMIT_EN:OFF,M1K1_LIMIT_EN:OFF ,M1K2_LIMIT_EN:OFF ,M1K3_LIMIT_EN:OFF ,M1K4_LIMIT_EN:OFF 
M1K1_KEYONAIR:0    ,M1K2_KEYONAIR:0    ,M1K3_KEYONAIR:0    ,M1K4_KEYONAIR:1    ,ME_XPT_ME1_BK_FADER_STAT:0    
ME_XPT_ME1_BKGD_B:1    
ME_XPT_ME1_BKGD_B:8    
ME_XPT_ME1_BKGD_B:2    
ME_XPT_ME1_BKGD_B_COLOR:RED,ME_XPT_ME1_BKGD_TRS_AUTO_STAT:1    
ME_XPT_ME1_FADE_LV:6400 
ME_XPT_ME1_FADE_LV:13056
ME_XPT_ME1_FADE_LV:19456
ME_XPT_ME1_FADE_LV:26112
ME_XPT_ME1_FADE_LV:32512
ME_XPT_ME1_FADE_LV:39168
ME_XPT_ME1_FADE_LV:45824
ME_XPT_ME1_FADE_LV:52224
ME_XPT_ME1_FADE_LV:58880
ME_XPT_ME1_BKGD_A:2    ,ME_XPT_ME1_BKGD_B:3    ,ME_XPT_ME1_BKGD_B_COLOR:ORANGE,ME_XPT_ME1_BKGD_XPT_PGM_OUT:1    ,ME_XPT_ME1_BKGD_TRS_AUTO_STAT:0    ,ME_XPT_ME1_BKGD_PGM:2    
ME_XPT_ME1_FADE_LV:65535,ME_XPT_ME1_FADE_DIR:1    
ME_XPT_ME1_KEY4_TRS_AUTO_STAT:1    
ME_XPT_ME1_KEY4_XPT_PGM_OUT:0    ,ME_XPT_ME1_KEY4_TRS_AUTO_STAT:0    
M1K4_KEYONAIR:0    
ME_XPT_ME1_KEY1_TRS_AUTO_STAT:1    
M1K1_KEYONAIR:1    
ME_XPT_ME1_KEY1_XPT_PGM_OUT:1    ,ME_XPT_ME1_KEY1_TRS_AUTO_STAT:0    
ME_XPT_ME1_KEY2_TRS_AUTO_STAT:1    
M1K2_KEYONAIR:1    
ME_XPT_ME1_KEY2_XPT_PGM_OUT:1    ,ME_XPT_ME1_KEY2_TRS_AUTO_STAT:0    
vvv Opening Web Interface vvv
STS_ALARM_LAMP:GRN
STS_OPT_A:(not install),STS_OPT_B:(not install),STS_OPT_C:(not install),STS_OPT_MEM:---------,STS_OPT_MB:---------,STS_OPT_ED:INSTALLED,STS_OPT_VR:---------,STS_OPT_EXP3G:INSTALLED,STS_OPT_ARC:---------,STS_OPT_EXTCK1:---------,STS_OPT_EXTCK2:---------,FUNC_M1K3_ASSIGN:M/E  ,FUNC_M1K4_ASSIGN:M/E  ,STS_MU_TYPE:HVS-XT110,FUNC_4K_CTRL_EN:OFF ,EXTIF_RTR_LINK_EN:OFF ,SYS_FMT_FMT:720/59.94p 
PANEL_OU_UBTN_TYPE0:NON  ,PANEL_OU_UBTN_FUNC0: (NOT ASSIGN)       ,PANEL_OU_UBTN_TYPE1:NON  ,PANEL_OU_UBTN_FUNC1: (NOT ASSIGN)       ,PANEL_OU_UBTN_TYPE2:NON  ,PANEL_OU_UBTN_FUNC2: (NOT ASSIGN)       ,PANEL_OU_UBTN_TYPE3:NON  ,PANEL_OU_UBTN_FUNC3: (NOT ASSIGN)       ,PANEL_OU_UBTN_TYPE4:AUX  ,PANEL_OU_UBTN_FUNC4:AUX5 XPT SELECT    ,PANEL_OU_UBTN_TYPE5:AUX  ,PANEL_OU_UBTN_FUNC5:AUX6 XPT SELECT    ,PANEL_OU_UBTN_TYPE6:AUX  ,PANEL_OU_UBTN_FUNC6:AUX7 XPT SELECT    ,PANEL_OU_UBTN_TYPE7:AUX  ,PANEL_OU_UBTN_FUNC7:AUX8 XPT SELECT    
SET.SIGNAL_GROUP4:[{"no":0,"sName":"BLK ","lName":" BLACK  "},{"no":1,"sName":"PPT ","lName":"PowerPt "},{"no":2,"sName":"Stnd","lName":"Standing"},{"no":3,"sName":"Scor","lName":"Scoring "},{"no":4,"sName":"gTop","lName":"GoProTop"},{"no":5,"sName":"Cam1","lName":"Cam1Long"},{"no":6,"sName":"Robo","lName":"Cam2Robo"},{"no":7,"sName":"gRed","lName":"GoProRed"},{"no":8,"sName":"gBlu","lName":"GoProBlu"},{"no":9,"sName":"PBP ","lName":"Playback"},{"no":10,"sName":"FS2b","lName":"FS2-In2 "},{"no":11,"sName":"IN11","lName":"INPUT11 "},{"no":12,"sName":"IN12","lName":"INPUT12 "},{"no":29,"sName":"LOGO","lName":"LOGO    "},{"no":30,"sName":"STL2","lName":"STILL2  "},{"no":31,"sName":"STK1","lName":"STLKEY1 "},{"no":32,"sName":"STK2","lName":"STLKEY2 "},{"no":40,"sName":"CKFL","lName":"CK FILL "},{"no":41,"sName":"CKKY","lName":"CK KEY  "},{"no":42,"sName":"EFF1","lName":"SUB EFF1"},{"no":43,"sName":"EFF2","lName":"SUB EFF2"},{"no":38,"sName":"MAT1","lName":"MATT1   "},{"no":39,"sName":"MAT2","lName":"MATT2   "},{"no":37,"sName":"BARS","lName":"COLORBAR"},{"no":64,"sName":"RX01","lName":"RT XPT01"},{"no":65,"sName":"RX02","lName":"RT XPT02"},{"no":66,"sName":"RX03","lName":"RT XPT03"},{"no":67,"sName":"RX04","lName":"RT XPT04"},{"no":68,"sName":"RX05","lName":"RT XPT05"},{"no":69,"sName":"RX06","lName":"RT XPT06"},{"no":70,"sName":"RX07","lName":"RT XPT07"},{"no":71,"sName":"RX08","lName":"RT XPT08"},{"no":72,"sName":"RX09","lName":"RT XPT09"},{"no":73,"sName":"RX10","lName":"RT XPT10"},{"no":74,"sName":"RX11","lName":"RT XPT11"},{"no":75,"sName":"RX12","lName":"RT XPT12"},{"no":76,"sName":"RX13","lName":"RT XPT13"},{"no":77,"sName":"RX14","lName":"RT XPT14"},{"no":78,"sName":"RX15","lName":"RT XPT15"},{"no":79,"sName":"RX16","lName":"RT XPT16"},{"no":80,"sName":"RX17","lName":"RT XPT17"},{"no":81,"sName":"RX18","lName":"RT XPT18"},{"no":82,"sName":"RX19","lName":"RT XPT19"},{"no":83,"sName":"RX20","lName":"RT XPT20"},{"no":84,"sName":"RX21","lName":"RT XPT21"},{"no":85,"sName":"RX22","lName":"RT XPT22"},{"no":86,"sName":"RX23","lName":"RT XPT23"},{"no":87,"sName":"RX24","lName":"RT XPT24"},{"no":88,"sName":"RX25","lName":"RT XPT25"},{"no":89,"sName":"RX26","lName":"RT XPT26"},{"no":90,"sName":"RX27","lName":"RT XPT27"},{"no":91,"sName":"RX28","lName":"RT XPT28"},{"no":92,"sName":"RX29","lName":"RT XPT29"},{"no":93,"sName":"RX30","lName":"RT XPT30"},{"no":94,"sName":"RX31","lName":"RT XPT31"},{"no":95,"sName":"RX32","lName":"RT XPT32"},{"no":96,"sName":"RX33","lName":"RT XPT33"},{"no":97,"sName":"RX34","lName":"RT XPT34"},{"no":98,"sName":"RX35","lName":"RT XPT35"},{"no":99,"sName":"RX36","lName":"RT XPT36"},{"no":100,"sName":"RX37","lName":"RT XPT37"},{"no":101,"sName":"RX38","lName":"RT XPT38"},{"no":102,"sName":"RX39","lName":"RT XPT39"},{"no":103,"sName":"RX40","lName":"RT XPT40"},{"no":104,"sName":"RX41","lName":"RT XPT41"},{"no":105,"sName":"RX42","lName":"RT XPT42"},{"no":106,"sName":"RX43","lName":"RT XPT43"},{"no":107,"sName":"RX44","lName":"RT XPT44"},{"no":108,"sName":"RX45","lName":"RT XPT45"},{"no":109,"sName":"RX46","lName":"RT XPT46"},{"no":110,"sName":"RX47","lName":"RT XPT47"},{"no":111,"sName":"RX48","lName":"RT XPT48"},{"no":112,"sName":"RX49","lName":"RT XPT49"},{"no":113,"sName":"RX50","lName":"RT XPT50"},{"no":114,"sName":"RX51","lName":"RT XPT51"},{"no":115,"sName":"RX52","lName":"RT XPT52"},{"no":116,"sName":"RX53","lName":"RT XPT53"},{"no":117,"sName":"RX54","lName":"RT XPT54"},{"no":118,"sName":"RX55","lName":"RT XPT55"},{"no":119,"sName":"RX56","lName":"RT XPT56"},{"no":120,"sName":"RX57","lName":"RT XPT57"},{"no":121,"sName":"RX58","lName":"RT XPT58"},{"no":122,"sName":"RX59","lName":"RT XPT59"},{"no":123,"sName":"RX60","lName":"RT XPT60"},{"no":124,"sName":"RX61","lName":"RT XPT61"},{"no":125,"sName":"RX62","lName":"RT XPT62"},{"no":126,"sName":"RX63","lName":"RT XPT63"},{"no":127,"sName":"RX64","lName":"RT XPT64"},{"no":180,"sName":"VR01","lName":"VLINE01 "},{"no":181,"sName":"VR02","lName":"VLINE02 "},{"no":182,"sName":"VR03","lName":"VLINE03 "},{"no":183,"sName":"VR04","lName":"VLINE04 "},{"no":184,"sName":"VR05","lName":"VLINE05 "},{"no":185,"sName":"VR06","lName":"VLINE06 "},{"no":186,"sName":"VR07","lName":"VLINE07 "},{"no":187,"sName":"VR08","lName":"VLINE08 "},{"no":188,"sName":"VR09","lName":"VLINE09 "},{"no":189,"sName":"VR10","lName":"VLINE10 "},{"no":190,"sName":"VR11","lName":"VLINE11 "},{"no":191,"sName":"VR12","lName":"VLINE12 "},{"no":192,"sName":"VR13","lName":"VLINE13 "},{"no":193,"sName":"VR14","lName":"VLINE14 "},{"no":194,"sName":"VR15","lName":"VLINE15 "},{"no":195,"sName":"VR16","lName":"VLINE16 "},{"no":128,"sName":"IS01","lName":"IS XPT01"},{"no":129,"sName":"IS02","lName":"IS XPT02"},{"no":130,"sName":"IS03","lName":"IS XPT03"},{"no":131,"sName":"IS04","lName":"IS XPT04"},{"no":132,"sName":"IS05","lName":"IS XPT05"},{"no":133,"sName":"IS06","lName":"IS XPT06"},{"no":134,"sName":"IS07","lName":"IS XPT07"},{"no":135,"sName":"IS08","lName":"IS XPT08"},{"no":136,"sName":"IS09","lName":"IS XPT09"},{"no":137,"sName":"IS10","lName":"IS XPT10"},{"no":138,"sName":"IS11","lName":"IS XPT11"},{"no":139,"sName":"IS12","lName":"IS XPT12"},{"no":46,"sName":"PGM ","lName":"PROGRAM "},{"no":47,"sName":"PVW ","lName":"PREVIEW "},{"no":48,"sName":"CLN ","lName":" CLEAN  "},{"no":49,"sName":"MEKY","lName":"KEY OUT "},{"no":240,"sName":"1Web","lName":"--------"},{"no":241,"sName":"2Web","lName":"--------"},{"no":242,"sName":"3Pit","lName":"--------"},{"no":243,"sName":"4PJ ","lName":"--------"},{"no":244,"sName":"5DA ","lName":"--------"},{"no":245,"sName":"6Rob","lName":"--------"},{"no":246,"sName":"7Lgt","lName":"--------"},{"no":247,"sName":"8Eng","lName":"--------"}]
M1BG_CGW_CGWIPE_EN:OFF 
M1K1_INS_SRC_TYPE:FULL 
M1K2_INS_SRC_TYPE:BUS  
M1K3_INS_SRC_TYPE:BUS  
M1K4_INS_SRC_TYPE:BUS  
M1BG_WIPE:00   ,M1BG_RATE:10   ,M1K1_RATE:10   ,M1K2_RATE:10   ,M1K3_RATE:30   ,M1K4_RATE:30   ,M1K1_KEYONAIR:1    ,M1K2_KEYONAIR:1    ,M1K3_KEYONAIR:0    ,M1K4_KEYONAIR:0    ,ME_XPT_ME1_BKGD_TRSTYPE:1    ,ME_XPT_ME1_KEY1_TRSTYPE:1    ,ME_XPT_ME1_KEY2_TRSTYPE:1    ,ME_XPT_ME1_KEY1_DVE_LAMP:1    ,ME_XPT_ME1_KEY2_DVE_LAMP:0    ,ME_XPT_ME1_KEY3_DVE_LAMP:0    ,ME_XPT_ME1_KEY4_DVE_LAMP:0    ,ME_XPT_ME1_KEY1_B:12   ,ME_XPT_ME1_KEY2_B:40   ,ME_XPT_ME1_KEY3_B:40   ,ME_XPT_ME1_KEY4_B:0    ,ME_XPT_ME1_BKGD_PGM:2    
vvv Opening BUS TRANS page vvv
STS_ALARM_LAMP:GRN
STS_OPT_A:(not install),STS_OPT_B:(not install),STS_OPT_C:(not install),STS_OPT_MEM:---------,STS_OPT_MB:---------,STS_OPT_ED:INSTALLED,STS_OPT_VR:---------,STS_OPT_EXP3G:INSTALLED,STS_OPT_ARC:---------,STS_OPT_EXTCK1:---------,STS_OPT_EXTCK2:---------,FUNC_M1K3_ASSIGN:M/E  ,FUNC_M1K4_ASSIGN:M/E  ,STS_MU_TYPE:HVS-XT110,FUNC_4K_CTRL_EN:OFF ,EXTIF_RTR_LINK_EN:OFF ,SYS_FMT_FMT:720/59.94p 
PANEL_OU_UBTN_TYPE0:NON  ,PANEL_OU_UBTN_FUNC0: (NOT ASSIGN)       ,PANEL_OU_UBTN_TYPE1:NON  ,PANEL_OU_UBTN_FUNC1: (NOT ASSIGN)       ,PANEL_OU_UBTN_TYPE2:NON  ,PANEL_OU_UBTN_FUNC2: (NOT ASSIGN)       ,PANEL_OU_UBTN_TYPE3:NON  ,PANEL_OU_UBTN_FUNC3: (NOT ASSIGN)       ,PANEL_OU_UBTN_TYPE4:AUX  ,PANEL_OU_UBTN_FUNC4:AUX5 XPT SELECT    ,PANEL_OU_UBTN_TYPE5:AUX  ,PANEL_OU_UBTN_FUNC5:AUX6 XPT SELECT    ,PANEL_OU_UBTN_TYPE6:AUX  ,PANEL_OU_UBTN_FUNC6:AUX7 XPT SELECT    ,PANEL_OU_UBTN_TYPE7:AUX  ,PANEL_OU_UBTN_FUNC7:AUX8 XPT SELECT    
SET.SIGNAL_GROUP5:[{"no":5,"sName":"Cam1","lName":"Cam1Long"},{"no":6,"sName":"Robo","lName":"Cam2Robo"},{"no":4,"sName":"gTop","lName":"GoProTop"},{"no":7,"sName":"gRed","lName":"GoProRed"},{"no":8,"sName":"gBlu","lName":"GoProBlu"},{"no":1,"sName":"PPT ","lName":"PowerPt "},{"no":2,"sName":"Stnd","lName":"Standing"},{"no":9,"sName":"PBP ","lName":"Playback"},{"no":3,"sName":"Scor","lName":"Scoring "},{"no":29,"sName":"LOGO","lName":"LOGO    "},{"no":30,"sName":"STL2","lName":"STILL2  "},{"no":0,"sName":"BLK ","lName":" BLACK  "},{"no":39,"sName":"MAT2","lName":"MATT2   "},{"no":9,"sName":"PBP ","lName":"Playback"},{"no":10,"sName":"FS2b","lName":"FS2-In2 "},{"no":11,"sName":"IN11","lName":"INPUT11 "},{"no":12,"sName":"IN12","lName":"INPUT12 "},{"no":255,"sName":"","lName":""},{"no":1,"sName":"PPT ","lName":"PowerPt "},{"no":2,"sName":"Stnd","lName":"Standing"},{"no":255,"sName":"","lName":""},{"no":255,"sName":"","lName":""},{"no":255,"sName":"","lName":""},{"no":255,"sName":"","lName":""}]
M1BG_WIPE:00   
ME_XPT_ME1_BKGD_A:2    ,ME_XPT_ME1_BKGD_B:3    ,ME_XPT_ME1_KEY1_A:12   ,ME_XPT_ME1_KEY1_B:12   ,ME_XPT_ME1_KEY2_A:41   ,ME_XPT_ME1_KEY2_B:40   ,ME_XPT_ME1_KEY3_A:41   ,ME_XPT_ME1_KEY3_B:40   ,ME_XPT_ME1_KEY4_A:0    ,ME_XPT_ME1_KEY4_B:0    ,ME_XPT_ME1_BKGD_A_COLOR:RED,ME_XPT_ME1_BKGD_B_COLOR:ORANGE,ME_XPT_ME1_KEY1_COLOR:RED,ME_XPT_ME1_KEY2_COLOR:RED,ME_XPT_ME1_KEY3_COLOR:RED,ME_XPT_ME1_KEY4_COLOR:RED,ME_XPT_ME1_BKGD_XPT_PGM_OUT:1    ,ME_XPT_ME1_KEY1_XPT_PGM_OUT:1    ,ME_XPT_ME1_KEY2_XPT_PGM_OUT:1    ,ME_XPT_ME1_KEY3_XPT_PGM_OUT:0    ,ME_XPT_ME1_KEY4_XPT_PGM_OUT:0    ,ME_XPT_ME1_BK_XPT_PGM_OUT:0    ,ME_XPT_ME1_BKGD_TRS_AUTO_STAT:0    ,ME_XPT_ME1_KEY1_TRS_AUTO_STAT:0    ,ME_XPT_ME1_KEY2_TRS_AUTO_STAT:0    ,ME_XPT_ME1_KEY3_TRS_AUTO_STAT:0    ,ME_XPT_ME1_KEY4_TRS_AUTO_STAT:0    ,ME_XPT_ME1_BK_TRS_AUTO_STAT:0    ,ME_XPT_ME1_BK_PST_EN:OFF ,ME_XPT_ME1_BKGD_PGM:2    
ME_XPT_ME1_BKGD_DIR:1    ,ME_XPT_ME1_KEY1_DIR:2    ,ME_XPT_ME1_KEY2_DIR:1    ,ME_XPT_ME1_BKGD_TRSTYPE:1    ,ME_XPT_ME1_KEY1_TRSTYPE:1    ,ME_XPT_ME1_KEY2_TRSTYPE:1    
ME_XPT_ME1_FADE_LV:65535,ME_XPT_ME1_FADE_DIR:1    ,ME_XPT_ME1_NEXT_TRANS:1    
ME_XPT_AUX1:48   ,ME_XPT_AUX2:5    ,ME_XPT_AUX3:2    ,ME_XPT_AUX4:46   ,ME_XPT_AUX5:46   ,ME_XPT_AUX6:48   ,ME_XPT_AUX7:50   ,ME_XPT_AUX8:50   ,ME_XPT_STRM_XPT:PGM  ,ME_XPT_STRM_RESOLUTION:0    
M1K1_USER_TRS:CUT         ,M1K2_USER_TRS:CUT         ,M1K3_USER_TRS:CUT         ,M1K4_USER_TRS:CUT         ,M1K1_ADV_CTRL:AUTO ,M1K2_ADV_CTRL:AUTO ,M1K3_ADV_CTRL:AUTO ,M1K4_ADV_CTRL:AUTO ,BK_TRS_EN:ON   
ME_XPT_ME1_KEY1_DVE_LAMP:1    ,ME_XPT_ME1_KEY2_DVE_LAMP:0    ,ME_XPT_ME1_KEY3_DVE_LAMP:0    ,ME_XPT_ME1_KEY4_DVE_LAMP:0    
SYS_ARCNET_OU_NO:0    
OUTPUT_XPT_AUX_INHIBIT0:OFF,OUTPUT_XPT_AUX_TRS0:ON ,OUTPUT_XPT_AUX_TYP0:MIX ,OUTPUT_XPT_AUX_RATE0:10   ,OUTPUT_XPT_AUX_SOFT0:0    ,OUTPUT_XPT_AUX_INHIBIT1:OFF,OUTPUT_XPT_AUX_TRS1:OFF,OUTPUT_XPT_AUX_TYP1:MIX ,OUTPUT_XPT_AUX_RATE1:10   ,OUTPUT_XPT_AUX_SOFT1:0    ,OUTPUT_XPT_AUX_INHIBIT2:OFF,OUTPUT_XPT_AUX_TRS2:ON ,OUTPUT_XPT_AUX_TYP2:MIX ,OUTPUT_XPT_AUX_RATE2:10   ,OUTPUT_XPT_AUX_SOFT2:0    ,OUTPUT_XPT_AUX_INHIBIT3:OFF,OUTPUT_XPT_AUX_TRS3:ON ,OUTPUT_XPT_AUX_TYP3:MIX ,OUTPUT_XPT_AUX_RATE3:10   ,OUTPUT_XPT_AUX_SOFT3:0    ,OUTPUT_XPT_AUX_INHIBIT4:OFF,OUTPUT_XPT_AUX_TRS4:OFF,OUTPUT_XPT_AUX_TYP4:MIX ,OUTPUT_XPT_AUX_RATE4:0    ,OUTPUT_XPT_AUX_SOFT4:0    ,OUTPUT_XPT_AUX_INHIBIT5:OFF,OUTPUT_XPT_AUX_TRS5:OFF,OUTPUT_XPT_AUX_TYP5:MIX ,OUTPUT_XPT_AUX_RATE5:0    ,OUTPUT_XPT_AUX_SOFT5:0    ,OUTPUT_XPT_AUX_INHIBIT6:OFF,OUTPUT_XPT_AUX_TRS6:OFF,OUTPUT_XPT_AUX_TYP6:MIX ,OUTPUT_XPT_AUX_RATE6:0    ,OUTPUT_XPT_AUX_SOFT6:0    ,OUTPUT_XPT_AUX_INHIBIT7:OFF,OUTPUT_XPT_AUX_TRS7:OFF,OUTPUT_XPT_AUX_TYP7:MIX ,OUTPUT_XPT_AUX_RATE7:0    ,OUTPUT_XPT_AUX_SOFT7:0    
INPUT_OU_SHIFT:NORML,INPUT_OU_CTRL:M/E1 ,INPUT_OU_INHIBIT_EN:ENABL
INPUT_OU_ASSIGN0:5,INPUT_OU_INHIBIT0:OFF  ,INPUT_OU_DISP_TYPE0:SHORT,INPUT_OU_DISP_INV0:OFF ,INPUT_OU_ASSIGN1:6,INPUT_OU_INHIBIT1:OFF  ,INPUT_OU_DISP_TYPE1:SHORT,INPUT_OU_DISP_INV1:OFF ,INPUT_OU_ASSIGN2:4,INPUT_OU_INHIBIT2:OFF  ,INPUT_OU_DISP_TYPE2:SHORT,INPUT_OU_DISP_INV2:OFF ,INPUT_OU_ASSIGN3:7,INPUT_OU_INHIBIT3:OFF  ,INPUT_OU_DISP_TYPE3:SHORT,INPUT_OU_DISP_INV3:OFF ,INPUT_OU_ASSIGN4:8,INPUT_OU_INHIBIT4:OFF  ,INPUT_OU_DISP_TYPE4:SHORT,INPUT_OU_DISP_INV4:OFF ,INPUT_OU_ASSIGN5:1,INPUT_OU_INHIBIT5:OFF  ,INPUT_OU_DISP_TYPE5:SHORT,INPUT_OU_DISP_INV5:OFF ,INPUT_OU_ASSIGN6:2,INPUT_OU_INHIBIT6:OFF  ,INPUT_OU_DISP_TYPE6:SHORT,INPUT_OU_DISP_INV6:OFF ,INPUT_OU_ASSIGN7:9,INPUT_OU_INHIBIT7:OFF  ,INPUT_OU_DISP_TYPE7:SHORT,INPUT_OU_DISP_INV7:OFF ,INPUT_OU_ASSIGN8:3,INPUT_OU_INHIBIT8:OFF  ,INPUT_OU_DISP_TYPE8:SHORT,INPUT_OU_DISP_INV8:OFF ,INPUT_OU_ASSIGN9:29,INPUT_OU_INHIBIT9:OFF  ,INPUT_OU_DISP_TYPE9:SHORT,INPUT_OU_DISP_INV9:OFF ,INPUT_OU_ASSIGN10:30,INPUT_OU_INHIBIT10:OFF  ,INPUT_OU_DISP_TYPE10:SHORT,INPUT_OU_DISP_INV10:OFF ,INPUT_OU_ASSIGN11:0,INPUT_OU_INHIBIT11:OFF  ,INPUT_OU_DISP_TYPE11:SHORT,INPUT_OU_DISP_INV11:OFF ,INPUT_OU_ASSIGN12:39,INPUT_OU_INHIBIT12:OFF  ,INPUT_OU_DISP_TYPE12:SHORT,INPUT_OU_DISP_INV12:OFF ,INPUT_OU_ASSIGN13:9,INPUT_OU_INHIBIT13:OFF  ,INPUT_OU_DISP_TYPE13:SHORT,INPUT_OU_DISP_INV13:OFF ,INPUT_OU_ASSIGN14:10,INPUT_OU_INHIBIT14:OFF  ,INPUT_OU_DISP_TYPE14:SHORT,INPUT_OU_DISP_INV14:OFF ,INPUT_OU_ASSIGN15:11,INPUT_OU_INHIBIT15:OFF  ,INPUT_OU_DISP_TYPE15:SHORT,INPUT_OU_DISP_INV15:OFF ,INPUT_OU_ASSIGN16:12,INPUT_OU_INHIBIT16:OFF  ,INPUT_OU_DISP_TYPE16:SHORT,INPUT_OU_DISP_INV16:OFF ,INPUT_OU_ASSIGN17:NONE ,INPUT_OU_INHIBIT17:OFF  ,INPUT_OU_DISP_TYPE17:SHORT,INPUT_OU_DISP_INV17:OFF ,INPUT_OU_ASSIGN18:1,INPUT_OU_INHIBIT18:OFF  ,INPUT_OU_DISP_TYPE18:SHORT,INPUT_OU_DISP_INV18:OFF ,INPUT_OU_ASSIGN19:2,INPUT_OU_INHIBIT19:OFF  ,INPUT_OU_DISP_TYPE19:SHORT,INPUT_OU_DISP_INV19:OFF ,INPUT_OU_ASSIGN20:NONE ,INPUT_OU_INHIBIT20:OFF  ,INPUT_OU_DISP_TYPE20:SHORT,INPUT_OU_DISP_INV20:OFF ,INPUT_OU_ASSIGN21:NONE ,INPUT_OU_INHIBIT21:OFF  ,INPUT_OU_DISP_TYPE21:SHORT,INPUT_OU_DISP_INV21:OFF ,INPUT_OU_ASSIGN22:NONE ,INPUT_OU_INHIBIT22:OFF  ,INPUT_OU_DISP_TYPE22:SHORT,INPUT_OU_DISP_INV22:OFF ,INPUT_OU_ASSIGN23:NONE ,INPUT_OU_INHIBIT23:OFF  ,INPUT_OU_DISP_TYPE23:SHORT,INPUT_OU_DISP_INV23:OFF 
M1BG_LIMIT_EN:OFF,M1K1_LIMIT_EN:OFF ,M1K2_LIMIT_EN:OFF ,M1K3_LIMIT_EN:OFF ,M1K4_LIMIT_EN:OFF 
M1K1_KEYONAIR:1    ,M1K2_KEYONAIR:1    ,M1K3_KEYONAIR:0    ,M1K4_KEYONAIR:0    ,ME_XPT_ME1_BK_FADER_STAT:0    
M1BG_RATE:10   ,M1K1_RATE:10   ,M1K2_RATE:10   ,M1K3_RATE:30   ,M1K4_RATE:30   
M1BK_TRS_RATE:60   
vvv Switching on busses vvv
ME_XPT_ME1_BKGD_B:5    
ME_XPT_ME1_BKGD_B:6    
ME_XPT_ME1_BKGD_B:4    
ME_XPT_ME1_BKGD_B:3    
ME_XPT_ME1_BKGD_A:5    ,ME_XPT_ME1_BKGD_PGM:5    
ME_XPT_ME1_BKGD_A:6    ,ME_XPT_ME1_BKGD_PGM:6    
ME_XPT_ME1_BKGD_A:4    ,ME_XPT_ME1_BKGD_PGM:4    
ME_XPT_ME1_BKGD_A:2    ,ME_XPT_ME1_BKGD_PGM:2    
OUTPUT_XPT_XPT0:5    
ME_XPT_AUX1:5    
OUTPUT_XPT_XPT0:6    
ME_XPT_AUX1:6    
OUTPUT_XPT_XPT0:4    
ME_XPT_AUX1:4    
OUTPUT_XPT_XPT0:46   
ME_XPT_AUX1:46   
OUTPUT_XPT_XPT7:5    
ME_XPT_AUX8:5    
OUTPUT_XPT_XPT7:6    
ME_XPT_AUX8:6    
OUTPUT_XPT_XPT7:4    
ME_XPT_AUX8:4    
OUTPUT_XPT_XPT7:50   
ME_XPT_AUX8:50   
OUTPUT_XPT_XPT7:46   
ME_XPT_AUX8:46   
vvv AUTO TRANS vvv
ME_XPT_ME1_BKGD_A:3    ,ME_XPT_ME1_BKGD_B:2    ,ME_XPT_ME1_BKGD_XPT_PGM_OUT:0    ,ME_XPT_ME1_BKGD_PGM:3    
ME_XPT_ME1_FADE_LV:0    ,ME_XPT_ME1_FADE_DIR:0    
ME_XPT_ME1_BKGD_B_COLOR:RED,ME_XPT_ME1_BKGD_TRS_AUTO_STAT:1    
ME_XPT_ME1_FADE_LV:6400 
ME_XPT_ME1_FADE_LV:13056
ME_XPT_ME1_FADE_LV:19456
ME_XPT_ME1_FADE_LV:26112
ME_XPT_ME1_FADE_LV:32512
ME_XPT_ME1_FADE_LV:39168
ME_XPT_ME1_FADE_LV:45824
ME_XPT_ME1_FADE_LV:52224
ME_XPT_ME1_FADE_LV:58880
ME_XPT_ME1_BKGD_A:2    ,ME_XPT_ME1_BKGD_B:3    ,ME_XPT_ME1_BKGD_B_COLOR:ORANGE,ME_XPT_ME1_BKGD_XPT_PGM_OUT:1    ,ME_XPT_ME1_BKGD_TRS_AUTO_STAT:0    ,ME_XPT_ME1_BKGD_PGM:2    
ME_XPT_ME1_FADE_LV:65535,ME_XPT_ME1_FADE_DIR:1    
ME_XPT_ME1_KEY1_TRS_AUTO_STAT:1    
ME_XPT_ME1_KEY2_TRS_AUTO_STAT:1    
ME_XPT_ME1_KEY1_XPT_PGM_OUT:0    ,ME_XPT_ME1_KEY1_TRS_AUTO_STAT:0    
M1K1_KEYONAIR:0    
ME_XPT_ME1_KEY2_XPT_PGM_OUT:0    ,ME_XPT_ME1_KEY2_TRS_AUTO_STAT:0    
M1K2_KEYONAIR:0    
vvv AUTO TRANS vvv
ME_XPT_ME1_BKGD_B_COLOR:RED,ME_XPT_ME1_BKGD_TRS_AUTO_STAT:1    
ME_XPT_ME1_FADE_LV:58880
ME_XPT_ME1_FADE_LV:52224
ME_XPT_ME1_FADE_LV:45824
ME_XPT_ME1_FADE_LV:39168
ME_XPT_ME1_FADE_LV:32768
ME_XPT_ME1_FADE_LV:26112
ME_XPT_ME1_FADE_LV:19456
ME_XPT_ME1_FADE_LV:13056
ME_XPT_ME1_FADE_LV:6400 
ME_XPT_ME1_BKGD_A:3    ,ME_XPT_ME1_BKGD_B:2    ,ME_XPT_ME1_BKGD_B_COLOR:ORANGE,ME_XPT_ME1_BKGD_XPT_PGM_OUT:0    ,ME_XPT_ME1_BKGD_TRS_AUTO_STAT:0    ,ME_XPT_ME1_BKGD_PGM:3    
ME_XPT_ME1_FADE_LV:0    ,ME_XPT_ME1_FADE_DIR:0    
vvv AUTO TRANS vvv
ME_XPT_ME1_BKGD_B_COLOR:RED,ME_XPT_ME1_BKGD_TRS_AUTO_STAT:1    
ME_XPT_ME1_FADE_LV:6400 
ME_XPT_ME1_FADE_LV:13056
ME_XPT_ME1_FADE_LV:19456
ME_XPT_ME1_FADE_LV:26112
ME_XPT_ME1_FADE_LV:32512
ME_XPT_ME1_FADE_LV:39168
ME_XPT_ME1_FADE_LV:45824
ME_XPT_ME1_FADE_LV:52224
ME_XPT_ME1_FADE_LV:58880
ME_XPT_ME1_BKGD_A:2    ,ME_XPT_ME1_BKGD_B:3    ,ME_XPT_ME1_BKGD_B_COLOR:ORANGE,ME_XPT_ME1_BKGD_XPT_PGM_OUT:1    ,ME_XPT_ME1_BKGD_TRS_AUTO_STAT:0    ,ME_XPT_ME1_BKGD_PGM:2    
ME_XPT_ME1_FADE_LV:65535,ME_XPT_ME1_FADE_DIR:1    
ME_XPT_ME1_BKGD_B_COLOR:RED,ME_XPT_ME1_BKGD_TRS_AUTO_STAT:1    
ME_XPT_ME1_FADE_LV:58880
ME_XPT_ME1_FADE_LV:52224
ME_XPT_ME1_FADE_LV:45824
ME_XPT_ME1_FADE_LV:39168
ME_XPT_ME1_FADE_LV:32768
ME_XPT_ME1_FADE_LV:26112
ME_XPT_ME1_FADE_LV:19456
ME_XPT_ME1_FADE_LV:13056
ME_XPT_ME1_FADE_LV:6400 
ME_XPT_ME1_BKGD_A:3    ,ME_XPT_ME1_BKGD_B:2    ,ME_XPT_ME1_BKGD_B_COLOR:ORANGE,ME_XPT_ME1_BKGD_XPT_PGM_OUT:0    ,ME_XPT_ME1_BKGD_TRS_AUTO_STAT:0    ,ME_XPT_ME1_BKGD_PGM:3    
ME_XPT_ME1_FADE_LV:0    ,ME_XPT_ME1_FADE_DIR:0    
ME_XPT_ME1_FADE_LV:512  
ME_XPT_ME1_FADE_LV:1024 
ME_XPT_ME1_FADE_LV:1792 
ME_XPT_ME1_FADE_LV:2816 
ME_XPT_ME1_FADE_LV:3584 
ME_XPT_ME1_FADE_LV:4352 
ME_XPT_ME1_FADE_LV:5120 
ME_XPT_ME1_FADE_LV:5888 
ME_XPT_ME1_FADE_LV:6656 
ME_XPT_ME1_FADE_LV:7168 
ME_XPT_ME1_FADE_LV:7936 
ME_XPT_ME1_FADE_LV:8704 
ME_XPT_ME1_FADE_LV:9472 
ME_XPT_ME1_FADE_LV:9984 
ME_XPT_ME1_FADE_LV:11008
ME_XPT_ME1_FADE_LV:11776
ME_XPT_ME1_FADE_LV:12544
ME_XPT_ME1_FADE_LV:13312
ME_XPT_ME1_FADE_LV:14080
ME_XPT_ME1_FADE_LV:14592
ME_XPT_ME1_FADE_LV:15360
ME_XPT_ME1_FADE_LV:15872
ME_XPT_ME1_FADE_LV:16640
ME_XPT_ME1_FADE_LV:17152
ME_XPT_ME1_FADE_LV:17920
ME_XPT_ME1_FADE_LV:18688
ME_XPT_ME1_FADE_LV:19456
ME_XPT_ME1_FADE_LV:20224
ME_XPT_ME1_FADE_LV:20992
ME_XPT_ME1_FADE_LV:22016
ME_XPT_ME1_FADE_LV:23040
ME_XPT_ME1_FADE_LV:24064
ME_XPT_ME1_FADE_LV:24832
ME_XPT_ME1_FADE_LV:25856
ME_XPT_ME1_FADE_LV:26880
ME_XPT_ME1_FADE_LV:27904
ME_XPT_ME1_FADE_LV:29184
ME_XPT_ME1_FADE_LV:30208
ME_XPT_ME1_FADE_LV:31232
ME_XPT_ME1_FADE_LV:32768
ME_XPT_ME1_FADE_LV:34048
ME_XPT_ME1_FADE_LV:41728
ME_XPT_ME1_FADE_LV:43008
ME_XPT_ME1_FADE_LV:44288
ME_XPT_ME1_FADE_LV:45312
ME_XPT_ME1_FADE_LV:46592
ME_XPT_ME1_FADE_LV:47616
ME_XPT_ME1_FADE_LV:48896
ME_XPT_ME1_FADE_LV:50176
ME_XPT_ME1_FADE_LV:51200
ME_XPT_ME1_FADE_LV:52224
ME_XPT_ME1_FADE_LV:53248
ME_XPT_ME1_FADE_LV:54272
ME_XPT_ME1_FADE_LV:55296
ME_XPT_ME1_FADE_LV:56576
ME_XPT_ME1_FADE_LV:57600
ME_XPT_ME1_FADE_LV:58624
ME_XPT_ME1_FADE_LV:59648
ME_XPT_ME1_FADE_LV:60672
ME_XPT_ME1_FADE_LV:61952
ME_XPT_ME1_FADE_LV:63232
ME_XPT_ME1_FADE_LV:64256
ME_XPT_ME1_FADE_LV:65024
ME_XPT_ME1_FADE_LV:65280
ME_XPT_ME1_BKGD_A:2    ,ME_XPT_ME1_BKGD_B:3    ,ME_XPT_ME1_BKGD_XPT_PGM_OUT:1    ,ME_XPT_ME1_BKGD_PGM:2    
ME_XPT_ME1_FADE_LV:65535,ME_XPT_ME1_FADE_DIR:1    
ME_XPT_ME1_FADE_LV:64768
ME_XPT_ME1_FADE_LV:63744
ME_XPT_ME1_FADE_LV:62976
ME_XPT_ME1_FADE_LV:62464
ME_XPT_ME1_FADE_LV:61952
ME_XPT_ME1_FADE_LV:61184
ME_XPT_ME1_FADE_LV:60672
ME_XPT_ME1_FADE_LV:60160
ME_XPT_ME1_FADE_LV:59648
ME_XPT_ME1_FADE_LV:59136
ME_XPT_ME1_FADE_LV:58624
ME_XPT_ME1_FADE_LV:58368
ME_XPT_ME1_FADE_LV:58112
ME_XPT_ME1_FADE_LV:57600
ME_XPT_ME1_FADE_LV:57344
ME_XPT_ME1_FADE_LV:56832
ME_XPT_ME1_FADE_LV:56576
ME_XPT_ME1_FADE_LV:56064
ME_XPT_ME1_FADE_LV:55552
ME_XPT_ME1_FADE_LV:55040
ME_XPT_ME1_FADE_LV:54784
ME_XPT_ME1_FADE_LV:54016
ME_XPT_ME1_FADE_LV:53504
ME_XPT_ME1_FADE_LV:52992
ME_XPT_ME1_FADE_LV:52480
ME_XPT_ME1_FADE_LV:51968
ME_XPT_ME1_FADE_LV:51200
ME_XPT_ME1_FADE_LV:50688
ME_XPT_ME1_FADE_LV:50432
ME_XPT_ME1_FADE_LV:49920
ME_XPT_ME1_FADE_LV:49408
ME_XPT_ME1_FADE_LV:48896
ME_XPT_ME1_FADE_LV:48384
ME_XPT_ME1_FADE_LV:48128
ME_XPT_ME1_FADE_LV:47360
ME_XPT_ME1_FADE_LV:47104
ME_XPT_ME1_FADE_LV:46592
ME_XPT_ME1_FADE_LV:46080
ME_XPT_ME1_FADE_LV:45824
ME_XPT_ME1_FADE_LV:43008
ME_XPT_ME1_FADE_LV:42496
ME_XPT_ME1_FADE_LV:41984
ME_XPT_ME1_FADE_LV:41472
ME_XPT_ME1_FADE_LV:40960
ME_XPT_ME1_FADE_LV:40448
ME_XPT_ME1_FADE_LV:39680
ME_XPT_ME1_FADE_LV:39168
ME_XPT_ME1_FADE_LV:38656
ME_XPT_ME1_FADE_LV:37888
ME_XPT_ME1_FADE_LV:37376
ME_XPT_ME1_FADE_LV:36864
ME_XPT_ME1_FADE_LV:36352
ME_XPT_ME1_FADE_LV:35584
ME_XPT_ME1_FADE_LV:34816
ME_XPT_ME1_FADE_LV:34048
ME_XPT_ME1_FADE_LV:33536
ME_XPT_ME1_FADE_LV:32768
ME_XPT_ME1_FADE_LV:32000
ME_XPT_ME1_FADE_LV:31232
ME_XPT_ME1_FADE_LV:30464
ME_XPT_ME1_FADE_LV:29696
ME_XPT_ME1_FADE_LV:29184
ME_XPT_ME1_FADE_LV:28416
ME_XPT_ME1_FADE_LV:27648
ME_XPT_ME1_FADE_LV:26880
ME_XPT_ME1_FADE_LV:26368
ME_XPT_ME1_FADE_LV:25600
ME_XPT_ME1_FADE_LV:24832
ME_XPT_ME1_FADE_LV:24320
ME_XPT_ME1_FADE_LV:23552
ME_XPT_ME1_FADE_LV:23040
ME_XPT_ME1_FADE_LV:22528
ME_XPT_ME1_FADE_LV:21760
ME_XPT_ME1_FADE_LV:21248
ME_XPT_ME1_FADE_LV:20736
ME_XPT_ME1_FADE_LV:20224
ME_XPT_ME1_FADE_LV:19712
ME_XPT_ME1_FADE_LV:19200
ME_XPT_ME1_FADE_LV:18688
ME_XPT_ME1_FADE_LV:17920
ME_XPT_ME1_FADE_LV:17408
ME_XPT_ME1_FADE_LV:16384
ME_XPT_ME1_FADE_LV:15872,ME_XPT_ME1_FADE_LV:15616,ME_XPT_ME1_FADE_LV:15104,ME_XPT_ME1_FADE_LV:14848,ME_XPT_ME1_FADE_LV:14336,ME_XPT_ME1_FADE_LV:13824
ME_XPT_ME1_FADE_LV:13312
ME_XPT_ME1_FADE_LV:13056
ME_XPT_ME1_FADE_LV:12288
ME_XPT_ME1_FADE_LV:11776
ME_XPT_ME1_FADE_LV:8448 
ME_XPT_ME1_FADE_LV:7936 
ME_XPT_ME1_FADE_LV:7424 
ME_XPT_ME1_FADE_LV:6912 
ME_XPT_ME1_FADE_LV:6400 
ME_XPT_ME1_FADE_LV:5888 
ME_XPT_ME1_FADE_LV:5376 
ME_XPT_ME1_FADE_LV:5120 
ME_XPT_ME1_FADE_LV:4608 ,ME_XPT_ME1_FADE_LV:4096 ,ME_XPT_ME1_FADE_LV:3840 ,ME_XPT_ME1_FADE_LV:3328 ,ME_XPT_ME1_FADE_LV:2816 ,ME_XPT_ME1_FADE_LV:2560 ,ME_XPT_ME1_FADE_LV:2048 ,ME_XPT_ME1_FADE_LV:1536 ,ME_XPT_ME1_FADE_LV:1024 ,ME_XPT_ME1_FADE_LV:768  ,ME_XPT_ME1_FADE_LV:512  ,ME_XPT_ME1_FADE_LV:0    
ME_XPT_ME1_BKGD_A:3    ,ME_XPT_ME1_BKGD_B:2    ,ME_XPT_ME1_BKGD_XPT_PGM_OUT:0    ,ME_XPT_ME1_BKGD_PGM:3    
ME_XPT_ME1_FADE_DIR:0    
ME_XPT_ME1_FADE_LV:512  
ME_XPT_ME1_FADE_LV:1536 
ME_XPT_ME1_FADE_LV:2560 
ME_XPT_ME1_FADE_LV:4096 
ME_XPT_ME1_FADE_LV:5632 
ME_XPT_ME1_FADE_LV:10240
ME_XPT_ME1_FADE_LV:11776
ME_XPT_ME1_FADE_LV:13568
ME_XPT_ME1_FADE_LV:15104
ME_XPT_ME1_FADE_LV:17152
ME_XPT_ME1_FADE_LV:18688
ME_XPT_ME1_FADE_LV:20224
ME_XPT_ME1_FADE_LV:21504
ME_XPT_ME1_FADE_LV:22528
ME_XPT_ME1_FADE_LV:23552
ME_XPT_ME1_FADE_LV:24576
ME_XPT_ME1_FADE_LV:25600
ME_XPT_ME1_FADE_LV:26368
ME_XPT_ME1_FADE_LV:27392
ME_XPT_ME1_FADE_LV:28160
ME_XPT_ME1_FADE_LV:28928
ME_XPT_ME1_FADE_LV:29696
ME_XPT_ME1_FADE_LV:31488
ME_XPT_ME1_FADE_LV:32512
ME_XPT_ME1_FADE_LV:33280
ME_XPT_ME1_FADE_LV:38912
ME_XPT_ME1_FADE_LV:39936
ME_XPT_ME1_FADE_LV:40704
ME_XPT_ME1_FADE_LV:41984
ME_XPT_ME1_FADE_LV:43264
ME_XPT_ME1_FADE_LV:44544,ME_XPT_ME1_FADE_LV:45568,ME_XPT_ME1_FADE_LV:46592
ME_XPT_ME1_FADE_LV:47360
ME_XPT_ME1_FADE_LV:48384
ME_XPT_ME1_FADE_LV:49152
ME_XPT_ME1_FADE_LV:50176
ME_XPT_ME1_FADE_LV:50944
ME_XPT_ME1_FADE_LV:51968
ME_XPT_ME1_FADE_LV:52736
ME_XPT_ME1_FADE_LV:53504
ME_XPT_ME1_FADE_LV:54528
ME_XPT_ME1_FADE_LV:55552
ME_XPT_ME1_FADE_LV:56320
ME_XPT_ME1_FADE_LV:57344
ME_XPT_ME1_FADE_LV:58112
ME_XPT_ME1_FADE_LV:58880
ME_XPT_ME1_FADE_LV:59904
ME_XPT_ME1_FADE_LV:60672
ME_XPT_ME1_FADE_LV:61696
ME_XPT_ME1_FADE_LV:62464
ME_XPT_ME1_FADE_LV:63488
ME_XPT_ME1_FADE_LV:64512
ME_XPT_ME1_FADE_LV:65024
ME_XPT_ME1_FADE_LV:65280
ME_XPT_ME1_BKGD_A:2    ,ME_XPT_ME1_BKGD_B:3    ,ME_XPT_ME1_BKGD_XPT_PGM_OUT:1    ,ME_XPT_ME1_BKGD_PGM:2    
ME_XPT_ME1_FADE_LV:65535,ME_XPT_ME1_FADE_DIR:1    
